<?xml version="1.0" encoding="UTF-8"?>
<testsuite name="com.bms.models.ScreenTest" tests="3" skipped="0" failures="0" errors="0" timestamp="2021-06-11T15:22:25" hostname="Ishans-MacBook-Pro.local" time="0.004">
  <properties/>
  <testcase name="should_return_false_when_the_shows_do_not_contain_the_given_movie()" classname="com.bms.models.ScreenTest" time="0.001"/>
  <testcase name="should_return_true_when_the_shows_contain_the_given_movie()" classname="com.bms.models.ScreenTest" time="0.001"/>
  <testcase name="should_get_all_shows_which_has_particular_movie()" classname="com.bms.models.ScreenTest" time="0.001"/>
  <system-out><![CDATA[]]></system-out>
  <system-err><![CDATA[]]></system-err>
</testsuite>
