<?xml version="1.0" encoding="UTF-8"?>
<testsuite name="com.bms.repository.FileRepositoryTest" tests="2" skipped="0" failures="0" errors="0" timestamp="2021-06-13T04:04:56" hostname="Ishans-MacBook-Pro.local" time="0.106">
  <properties/>
  <testcase name="should_get_schedule()" classname="com.bms.repository.FileRepositoryTest" time="0.098"/>
  <testcase name="should_get_movies_from_file()" classname="com.bms.repository.FileRepositoryTest" time="0.007"/>
  <system-out><![CDATA[]]></system-out>
  <system-err><![CDATA[]]></system-err>
</testsuite>
