<?xml version="1.0" encoding="UTF-8"?>
<testsuite name="com.bms.models.ScheduleTest" tests="1" skipped="0" failures="0" errors="0" timestamp="2021-06-11T15:22:25" hostname="Ishans-MacBook-Pro.local" time="0.001">
  <properties/>
  <testcase name="should_get_shows_for_given_movie_id()" classname="com.bms.models.ScheduleTest" time="0.001"/>
  <system-out><![CDATA[]]></system-out>
  <system-err><![CDATA[]]></system-err>
</testsuite>
