<?xml version="1.0" encoding="UTF-8"?>
<testsuite name="com.bms.models.TheatreTest" tests="2" skipped="0" failures="0" errors="0" timestamp="2021-06-11T15:22:25" hostname="Ishans-MacBook-Pro.local" time="0.002">
  <properties/>
  <testcase name="should_get_screen_for_show()" classname="com.bms.models.TheatreTest" time="0.001"/>
  <testcase name="should_return_null_when_screen_is_not_present_for_show()" classname="com.bms.models.TheatreTest" time="0.001"/>
  <system-out><![CDATA[]]></system-out>
  <system-err><![CDATA[]]></system-err>
</testsuite>
